0 silly argv { _: [ 'create' ],
0 silly argv   lernaVersion: '3.16.4',
0 silly argv   '$0': 'lerna',
0 silly argv   name: '@nardgl/console-greeting' }
1 notice cli v3.16.4
2 verbose rootPath /home/matnard/Lab/NardGL
3 info versioning independent
4 error Error: canceled
4 error     at Interface.<anonymous> (/home/matnard/.nvm/versions/node/v10.15.3/lib/node_modules/lerna/node_modules/read/lib/read.js:66:13)
4 error     at Interface.emit (events.js:189:13)
4 error     at Interface._ttyWrite (readline.js:783:16)
4 error     at ReadStream.onkeypress (readline.js:168:10)
4 error     at ReadStream.emit (events.js:189:13)
4 error     at emitKeys (internal/readline.js:424:14)
4 error     at emitKeys.next (<anonymous>)
4 error     at ReadStream.onData (readline.js:1022:36)
4 error     at ReadStream.emit (events.js:189:13)
4 error     at addChunk (_stream_readable.js:284:12)
4 error     at readableAddChunk (_stream_readable.js:265:11)
4 error     at ReadStream.Readable.push (_stream_readable.js:220:10)
